2019-03-10 11:21:18,253+0000 INFO  [jetty-main-1]  org.sonatype.nexus.events.EventSubscriberHost - Initialized
2019-03-10 11:21:18,413+0000 INFO  [jetty-main-1]  org.sonatype.nexus.NxApplication - 
-------------------------------------------------

Initializing Nexus Repository Manager OSS 2.14.11-01

-------------------------------------------------
2019-03-10 11:21:18,414+0000 INFO  [jetty-main-1]  org.sonatype.nexus.NxApplication - Activating locally installed plugins...
2019-03-10 11:21:21,756+0000 INFO  [jetty-main-1]  org.sonatype.nexus.plugins.bcprov.CryptoPlugin - Unlimited strength JCE policy detected
2019-03-10 11:21:22,421+0000 INFO  [jetty-main-1]  org.sonatype.nexus.kazuki.KazukiPlugin - Kazuki version: 0.1.8
2019-03-10 11:21:24,387+0000 INFO  [jetty-main-1]  com.sun.jersey.server.impl.application.WebApplicationImpl - Initiating Jersey application, version 'Jersey: 1.17.1 02/28/2013 12:47 PM'
2019-03-10 11:21:28,782+0000 INFO  [jetty-main-1]  org.sonatype.nexus.proxy.registry.DefaultRepositoryTypeRegistry - Registered Repository type RepositoryType=(org.sonatype.nexus.proxy.repository.GroupRepository:rubygems-group).
2019-03-10 11:21:28,782+0000 INFO  [jetty-main-1]  org.sonatype.nexus.proxy.registry.DefaultRepositoryTypeRegistry - Registered Repository type RepositoryType=(org.sonatype.nexus.proxy.repository.Repository:rubygems-proxy).
2019-03-10 11:21:28,782+0000 INFO  [jetty-main-1]  org.sonatype.nexus.proxy.registry.DefaultRepositoryTypeRegistry - Registered Repository type RepositoryType=(org.sonatype.nexus.proxy.repository.Repository:rubygems-hosted).
2019-03-10 11:21:31,355+0000 INFO  [jetty-main-1]  org.sonatype.nexus.proxy.registry.DefaultRepositoryTypeRegistry - Registered Repository type RepositoryType=(org.sonatype.nexus.proxy.repository.ShadowRepository:nuget-shadow).
2019-03-10 11:21:31,355+0000 INFO  [jetty-main-1]  org.sonatype.nexus.proxy.registry.DefaultRepositoryTypeRegistry - Registered Repository type RepositoryType=(org.sonatype.nexus.proxy.repository.GroupRepository:nuget-group).
2019-03-10 11:21:31,355+0000 INFO  [jetty-main-1]  org.sonatype.nexus.proxy.registry.DefaultRepositoryTypeRegistry - Registered Repository type RepositoryType=(org.sonatype.nexus.proxy.repository.Repository:nuget-proxy).
2019-03-10 11:21:31,644+0000 INFO  [jetty-main-1]  org.sonatype.nexus.proxy.registry.DefaultRepositoryTypeRegistry - Registered Repository type RepositoryType=(org.sonatype.nexus.proxy.repository.GroupRepository:npm-group).
2019-03-10 11:21:31,644+0000 INFO  [jetty-main-1]  org.sonatype.nexus.proxy.registry.DefaultRepositoryTypeRegistry - Registered Repository type RepositoryType=(org.sonatype.nexus.proxy.repository.Repository:npm-proxy).
2019-03-10 11:21:31,644+0000 INFO  [jetty-main-1]  org.sonatype.nexus.proxy.registry.DefaultRepositoryTypeRegistry - Registered Repository type RepositoryType=(org.sonatype.nexus.proxy.repository.Repository:npm-hosted).
2019-03-10 11:21:34,493+0000 INFO  [jetty-main-1]  org.sonatype.nexus.proxy.registry.DefaultRepositoryTypeRegistry - Registered Repository type RepositoryType=(org.sonatype.nexus.proxy.repository.WebSiteRepository:site).
2019-03-10 11:21:35,006+0000 INFO  [jetty-main-1]  org.sonatype.nexus.NxApplication - Plugin manager request "ACTIVATE" on plugin "org.sonatype.nexus.plugins:nexus-orient-plugin:2.14.11-01" was successful.
2019-03-10 11:21:35,007+0000 INFO  [jetty-main-1]  org.sonatype.nexus.NxApplication - Plugin manager request "ACTIVATE" on plugin "org.sonatype.nexus.plugins:nexus-kazuki-plugin:2.14.11-01" was successful.
2019-03-10 11:21:35,008+0000 INFO  [jetty-main-1]  org.sonatype.nexus.NxApplication - Plugin manager request "ACTIVATE" on plugin "com.sonatype.nexus.plugins:nexus-outreach-plugin:2.14.11-01" was successful.
2019-03-10 11:21:35,008+0000 INFO  [jetty-main-1]  org.sonatype.nexus.NxApplication - Plugin manager request "ACTIVATE" on plugin "org.sonatype.nexus.plugins:nexus-ruby-plugin:2.14.11-01" was successful.
2019-03-10 11:21:35,008+0000 INFO  [jetty-main-1]  org.sonatype.nexus.NxApplication - Plugin manager request "ACTIVATE" on plugin "org.sonatype.nexus.plugins:nexus-logging-plugin:2.14.11-01" was successful.
2019-03-10 11:21:35,008+0000 INFO  [jetty-main-1]  org.sonatype.nexus.NxApplication - Plugin manager request "ACTIVATE" on plugin "org.sonatype.nexus.plugins:nexus-indexer-lucene-plugin:2.14.11-01" was successful.
2019-03-10 11:21:35,008+0000 INFO  [jetty-main-1]  org.sonatype.nexus.NxApplication - Plugin manager request "ACTIVATE" on plugin "org.sonatype.nexus.plugins:nexus-atlas-plugin:2.14.11-01" was successful.
2019-03-10 11:21:35,008+0000 INFO  [jetty-main-1]  org.sonatype.nexus.NxApplication - Plugin manager request "ACTIVATE" on plugin "org.sonatype.nexus.plugins:nexus-capabilities-plugin:2.14.11-01" was successful.
2019-03-10 11:21:35,008+0000 INFO  [jetty-main-1]  org.sonatype.nexus.NxApplication - Plugin manager request "ACTIVATE" on plugin "org.sonatype.nexus.plugins:nexus-maven-bridge-plugin:2.14.11-01" was successful.
2019-03-10 11:21:35,008+0000 INFO  [jetty-main-1]  org.sonatype.nexus.NxApplication - Plugin manager request "ACTIVATE" on plugin "org.sonatype.nexus.plugins:nexus-archetype-plugin:2.14.11-01" was successful.
2019-03-10 11:21:35,008+0000 INFO  [jetty-main-1]  org.sonatype.nexus.NxApplication - Plugin manager request "ACTIVATE" on plugin "org.sonatype.nexus.plugins:nexus-rutauth-plugin:2.14.11-01" was successful.
2019-03-10 11:21:35,008+0000 INFO  [jetty-main-1]  org.sonatype.nexus.NxApplication - Plugin manager request "ACTIVATE" on plugin "org.sonatype.nexus.plugins:nexus-groovy-plugin:2.14.11-01" was successful.
2019-03-10 11:21:35,008+0000 INFO  [jetty-main-1]  org.sonatype.nexus.NxApplication - Plugin manager request "ACTIVATE" on plugin "org.sonatype.nexus.plugins:nexus-h2-plugin:2.14.11-01" was successful.
2019-03-10 11:21:35,008+0000 INFO  [jetty-main-1]  org.sonatype.nexus.NxApplication - Plugin manager request "ACTIVATE" on plugin "org.sonatype.nexus.plugins:nexus-rrb-plugin:2.14.11-01" was successful.
2019-03-10 11:21:35,008+0000 INFO  [jetty-main-1]  org.sonatype.nexus.NxApplication - Plugin manager request "ACTIVATE" on plugin "org.sonatype.nexus.plugins:nexus-content-plugin:2.14.11-01" was successful.
2019-03-10 11:21:35,008+0000 INFO  [jetty-main-1]  org.sonatype.nexus.NxApplication - Plugin manager request "ACTIVATE" on plugin "org.sonatype.nexus.plugins:nexus-lvo-plugin:2.14.11-01" was successful.
2019-03-10 11:21:35,008+0000 INFO  [jetty-main-1]  org.sonatype.nexus.NxApplication - Plugin manager request "ACTIVATE" on plugin "com.sonatype.nexus.plugins:nexus-migrationagent-plugin:2.14.11-01" was successful.
2019-03-10 11:21:35,008+0000 INFO  [jetty-main-1]  org.sonatype.nexus.NxApplication - Plugin manager request "ACTIVATE" on plugin "com.sonatype.nexus.plugins:nexus-analytics-plugin:2.14.11-01" was successful.
2019-03-10 11:21:35,008+0000 INFO  [jetty-main-1]  org.sonatype.nexus.NxApplication - Plugin manager request "ACTIVATE" on plugin "org.sonatype.nexus.plugins:nexus-npm-repository-plugin:2.14.11-01" was successful.
2019-03-10 11:21:35,008+0000 INFO  [jetty-main-1]  org.sonatype.nexus.NxApplication - Plugin manager request "ACTIVATE" on plugin "com.sonatype.nexus.plugins:nexus-nuget-plugin:2.14.11-01" was successful.
2019-03-10 11:21:35,008+0000 INFO  [jetty-main-1]  org.sonatype.nexus.NxApplication - Plugin manager request "ACTIVATE" on plugin "org.sonatype.nexus.plugins:nexus-yum-repository-plugin:2.14.11-01" was successful.
2019-03-10 11:21:35,008+0000 INFO  [jetty-main-1]  org.sonatype.nexus.NxApplication - Plugin manager request "ACTIVATE" on plugin "org.sonatype.nexus.plugins:nexus-restlet1x-plugin:2.14.11-01" was successful.
2019-03-10 11:21:35,008+0000 INFO  [jetty-main-1]  org.sonatype.nexus.NxApplication - Plugin manager request "ACTIVATE" on plugin "org.sonatype.nexus.plugins:nexus-crypto-plugin:2.14.11-01" was successful.
2019-03-10 11:21:35,008+0000 INFO  [jetty-main-1]  org.sonatype.nexus.NxApplication - Plugin manager request "ACTIVATE" on plugin "org.sonatype.nexus.plugins:nexus-wonderland-plugin:2.14.11-01" was successful.
2019-03-10 11:21:35,008+0000 INFO  [jetty-main-1]  org.sonatype.nexus.NxApplication - Plugin manager request "ACTIVATE" on plugin "org.sonatype.nexus.plugins:nexus-ldap-realm-plugin:2.14.11-01" was successful.
2019-03-10 11:21:35,008+0000 INFO  [jetty-main-1]  org.sonatype.nexus.NxApplication - Plugin manager request "ACTIVATE" on plugin "org.sonatype.nexus.plugins:nexus-site-repository-plugin:2.14.11-01" was successful.
2019-03-10 11:21:35,008+0000 INFO  [jetty-main-1]  org.sonatype.nexus.NxApplication - Plugin manager request "ACTIVATE" on plugin "org.sonatype.nexus.plugins:nexus-ui-extjs3-plugin:2.14.11-01" was successful.
2019-03-10 11:21:35,008+0000 INFO  [jetty-main-1]  org.sonatype.nexus.NxApplication - Plugin manager request "ACTIVATE" on plugin "org.sonatype.nexus.plugins:nexus-webresources-plugin:2.14.11-01" was successful.
2019-03-10 11:21:35,009+0000 INFO  [jetty-main-1]  org.sonatype.nexus.NxApplication - Plugin manager request "ACTIVATE" on plugin "org.sonatype.nexus.plugins:nexus-plugin-console-plugin:2.14.11-01" was successful.
2019-03-10 11:21:35,009+0000 INFO  [jetty-main-1]  org.sonatype.nexus.NxApplication - Plugin manager request "ACTIVATE" on plugin "org.sonatype.nexus.plugins:nexus-siesta-plugin:2.14.11-01" was successful.
2019-03-10 11:21:35,009+0000 INFO  [jetty-main-1]  org.sonatype.nexus.NxApplication - Plugin manager request "ACTIVATE" on plugin "com.sonatype.nexus.plugins:nexus-iq-repository-oss-plugin:2.14.11-01" was successful.
2019-03-10 11:21:35,009+0000 INFO  [jetty-main-1]  org.sonatype.nexus.NxApplication - Plugin manager request "ACTIVATE" on plugin "org.sonatype.nexus.plugins:nexus-timeline-plugin:2.14.11-01" was successful.
2019-03-10 11:21:35,009+0000 INFO  [jetty-main-1]  org.sonatype.nexus.events.EventSubscriberHost - Starting
2019-03-10 11:21:35,092+0000 INFO  [jetty-main-1]  org.sonatype.nexus.timeline.DefaultNexusTimeline - Initializing Nexus Timeline...
2019-03-10 11:21:35,104+0000 INFO  [jetty-main-1]  org.sonatype.nexus.timeline.DefaultNexusTimeline - Starting Nexus Timeline...
2019-03-10 11:21:35,451+0000 INFO  [jetty-main-1]  org.sonatype.timeline.internal.DefaultTimeline - Started Timeline...
2019-03-10 11:21:36,226+0000 INFO  [jetty-main-1]  org.sonatype.nexus.apachehttpclient.Hc4ProviderImpl - Started (connectionPoolMaxSize 200, connectionPoolSize 20, connectionPoolIdleTime 30000 ms, connectionPoolTimeout 30000 ms, keepAliveMaxDuration 30000 ms)
2019-03-10 11:21:36,979+0000 INFO  [jetty-main-1]  org.sonatype.nexus.orient.DatabaseServerImpl - OrientDB version: 2.1.14
2019-03-10 11:21:37,028+0000 INFO  [jetty-main-1]  com.orientechnologies.orient.server.OServer - OrientDB Server v2.1.14 is starting up...
2019-03-10 11:21:37,046+0000 INFO  [jetty-main-1]  com.orientechnologies.orient.server.OServer - Databases directory: /home/sahanagangireddy15/Calculator/sonatype-work/nexus/db
2019-03-10 11:21:37,068+0000 INFO  [jetty-main-1]  com.orientechnologies.orient.server.handler.OJMXPlugin - JMX plugin installed and active: profilerManaged=true
2019-03-10 11:21:37,070+0000 INFO  [jetty-main-1]  com.orientechnologies.orient.server.OServer - OrientDB Server v2.1.14 is active.
2019-03-10 11:21:37,070+0000 INFO  [jetty-main-1]  org.sonatype.nexus.orient.DatabaseServerImpl - Activated
2019-03-10 11:21:37,070+0000 INFO  [jetty-main-1]  org.sonatype.nexus.configuration.application.DefaultNexusConfiguration - Loading Nexus Configuration...
2019-03-10 11:21:37,095+0000 INFO  [jetty-main-1]  org.sonatype.nexus.configuration.source.StaticConfigurationSource - Configuration loaded successfully.
2019-03-10 11:21:37,095+0000 WARN  [jetty-main-1]  org.sonatype.nexus.configuration.source.FileConfigurationSource - No configuration file in place, copying the default one and continuing with it.
2019-03-10 11:21:37,389+0000 INFO  [jetty-main-1]  org.sonatype.nexus.configuration.source.FileConfigurationSource - Configuration loaded successfully.
2019-03-10 11:21:37,459+0000 INFO  [jetty-main-1]  org.sonatype.nexus.configuration.source.FileConfigurationSource - Nexus configuration validated successfully.
2019-03-10 11:21:37,543+0000 INFO  [jetty-main-1]  org.sonatype.nexus.configuration.application.DefaultNexusConfiguration - Applying Nexus Configuration...
2019-03-10 11:21:37,559+0000 INFO  [jetty-main-1]  org.sonatype.security.configuration.source.FileSecurityConfigurationSource - Loading Security configuration from /home/sahanagangireddy15/Calculator/nexus-2.14.11-01/../sonatype-work/nexus/conf/security-configuration.xml
2019-03-10 11:21:37,565+0000 INFO  [jetty-main-1]  org.apache.shiro.cache.ehcache.EhCacheManager - Cache with name 'XmlAuthenticatingRealm.authorizationCache' does not yet exist.  Creating now.
2019-03-10 11:21:37,567+0000 INFO  [jetty-main-1]  org.apache.shiro.cache.ehcache.EhCacheManager - Added EhCache named [XmlAuthenticatingRealm.authorizationCache]
2019-03-10 11:21:37,568+0000 INFO  [jetty-main-1]  org.apache.shiro.cache.ehcache.EhCacheManager - Cache with name 'XmlAuthorizingRealm.authorizationCache' does not yet exist.  Creating now.
2019-03-10 11:21:37,599+0000 INFO  [jetty-main-1]  org.apache.shiro.cache.ehcache.EhCacheManager - Added EhCache named [XmlAuthorizingRealm.authorizationCache]
2019-03-10 11:21:37,638+0000 INFO  [jetty-main-1]  org.sonatype.nexus.proxy.attributes.DefaultLSAttributeStorage - Default FS AttributeStorage in place, using JacksonJSON marshaller. 
2019-03-10 11:21:38,148+0000 INFO  [jetty-main-1]  org.sonatype.nexus.proxy.registry.DefaultRepositoryRegistry - Added repository "Central" [id=central][contentClass=Maven2][mainFacet=org.sonatype.nexus.proxy.maven.MavenProxyRepository]
2019-03-10 11:21:38,201+0000 INFO  [jetty-main-1]  org.sonatype.nexus.proxy.registry.DefaultRepositoryRegistry - Added repository "Apache Snapshots" [id=apache-snapshots][contentClass=Maven2][mainFacet=org.sonatype.nexus.proxy.maven.MavenProxyRepository]
2019-03-10 11:21:38,254+0000 INFO  [jetty-main-1]  org.sonatype.nexus.proxy.registry.DefaultRepositoryRegistry - Added repository "Releases" [id=releases][contentClass=Maven2][mainFacet=org.sonatype.nexus.proxy.maven.MavenHostedRepository]
2019-03-10 11:21:38,298+0000 INFO  [jetty-main-1]  org.sonatype.nexus.proxy.registry.DefaultRepositoryRegistry - Added repository "Snapshots" [id=snapshots][contentClass=Maven2][mainFacet=org.sonatype.nexus.proxy.maven.MavenHostedRepository]
2019-03-10 11:21:38,393+0000 INFO  [jetty-main-1]  org.sonatype.nexus.proxy.registry.DefaultRepositoryRegistry - Added repository "3rd party" [id=thirdparty][contentClass=Maven2][mainFacet=org.sonatype.nexus.proxy.maven.MavenHostedRepository]
2019-03-10 11:21:38,436+0000 INFO  [jetty-main-1]  org.sonatype.nexus.proxy.registry.DefaultRepositoryRegistry - Added repository "Central M1 shadow" [id=central-m1][contentClass=Maven1][mainFacet=org.sonatype.nexus.proxy.maven.MavenShadowRepository]
2019-03-10 11:21:38,502+0000 INFO  [jetty-main-1]  org.sonatype.nexus.proxy.registry.DefaultRepositoryRegistry - Added repository "Public Repositories" [id=public][contentClass=Maven2][mainFacet=org.sonatype.nexus.proxy.repository.GroupRepository]
2019-03-10 11:21:38,504+0000 INFO  [jetty-main-1]  org.sonatype.scheduling.DefaultScheduler - Initializing Scheduler...
2019-03-10 11:21:38,505+0000 INFO  [jetty-main-1]  org.sonatype.nexus.scheduling.internal.DefaultTaskConfigManager - 0 task(s) to load.
2019-03-10 11:21:38,505+0000 INFO  [jetty-main-1]  org.sonatype.nexus.NxApplication - This is 1st start of new Nexus instance.
2019-03-10 11:21:38,505+0000 INFO  [jetty-main-1]  org.sonatype.nexus.NxApplication - Nexus Work Directory : /home/sahanagangireddy15/Calculator/sonatype-work/nexus
2019-03-10 11:21:38,505+0000 INFO  [jetty-main-1]  org.sonatype.nexus.NxApplication - Started Nexus Repository Manager OSS 2.14.11-01
2019-03-10 11:21:38,508+0000 INFO  [jetty-main-1]  org.sonatype.nexus.proxy.targets.DefaultTargetRegistryEventInspector - Adding default target for site content class
2019-03-10 11:21:38,508+0000 INFO  [jetty-main-1]  org.sonatype.nexus.proxy.targets.DefaultTargetRegistryEventInspector - Adding default target for npm content class
2019-03-10 11:21:38,508+0000 INFO  [jetty-main-1]  org.sonatype.nexus.proxy.targets.DefaultTargetRegistryEventInspector - Adding default target for nuget content class
2019-03-10 11:21:38,508+0000 INFO  [jetty-main-1]  org.sonatype.nexus.proxy.targets.DefaultTargetRegistryEventInspector - Adding default target for rubygems content class
2019-03-10 11:21:38,510+0000 INFO  [jetty-main-1]  org.sonatype.nexus.configuration.application.DefaultNexusConfiguration - Applying Nexus Configuration due to changes in [Repository Target Registry]...
2019-03-10 11:21:39,283+0000 INFO  [ar-7-thread-2] *TASK org.sonatype.nexus.proxy.maven.routing.internal.ManagerImpl - Updated and published prefix file of "Snapshots" [id=snapshots]
2019-03-10 11:21:39,311+0000 INFO  [ar-7-thread-4] *TASK org.sonatype.nexus.proxy.maven.routing.internal.ManagerImpl - Updated and published prefix file of "Releases" [id=releases]
2019-03-10 11:21:39,426+0000 INFO  [ar-7-thread-5] *TASK org.sonatype.nexus.proxy.maven.routing.internal.ManagerImpl - Updated and published prefix file of "3rd party" [id=thirdparty]
2019-03-10 11:21:40,110+0000 INFO  [jetty-main-1]  com.sonatype.nexus.plugins.nuget.odata.NugetODataGalleryMigrator - Starting Nuget DB migration.
2019-03-10 11:21:40,208+0000 INFO  [jetty-main-1]  com.sonatype.nexus.plugins.nuget.odata.NugetODataGalleryMigrator - Starting Nuget DB migration to version 1
2019-03-10 11:21:40,214+0000 INFO  [jetty-main-1]  com.sonatype.nexus.plugins.nuget.odata.NugetODataGalleryMigrator - Completed Nuget DB migration to version 1
2019-03-10 11:21:40,215+0000 INFO  [jetty-main-1]  com.sonatype.nexus.plugins.nuget.odata.NugetODataGalleryMigrator - Starting Nuget DB migration to version 2
2019-03-10 11:21:40,216+0000 INFO  [jetty-main-1]  com.sonatype.nexus.plugins.nuget.odata.NugetODataGalleryMigrator - Completed Nuget DB migration to version 2
2019-03-10 11:21:40,217+0000 INFO  [jetty-main-1]  com.sonatype.nexus.plugins.nuget.odata.NugetODataGalleryMigrator - Starting Nuget DB migration to version 3
2019-03-10 11:21:40,217+0000 INFO  [jetty-main-1]  com.sonatype.nexus.plugins.nuget.odata.NugetODataGalleryMigrator - Completed Nuget DB migration to version 3
2019-03-10 11:21:40,218+0000 INFO  [jetty-main-1]  com.sonatype.nexus.plugins.nuget.odata.NugetODataGalleryMigrator - Starting Nuget DB migration to version 4
2019-03-10 11:21:40,275+0000 INFO  [jetty-main-1]  com.sonatype.nexus.plugins.nuget.odata.NugetODataGalleryMigrator - Completed Nuget DB migration to version 4
2019-03-10 11:21:40,275+0000 INFO  [jetty-main-1]  com.sonatype.nexus.plugins.nuget.odata.NugetODataGalleryMigrator - Starting Nuget DB migration to version 5
2019-03-10 11:21:40,278+0000 INFO  [jetty-main-1]  com.sonatype.nexus.plugins.nuget.odata.NugetODataGalleryMigrator - Completed Nuget DB migration to version 5
2019-03-10 11:21:40,278+0000 INFO  [jetty-main-1]  com.sonatype.nexus.plugins.nuget.odata.NugetODataGalleryMigrator - Starting Nuget DB migration to version 6
2019-03-10 11:21:40,281+0000 INFO  [jetty-main-1]  com.sonatype.nexus.plugins.nuget.odata.NugetODataGalleryMigrator - Completed Nuget DB migration to version 6
2019-03-10 11:21:40,281+0000 INFO  [jetty-main-1]  com.sonatype.nexus.plugins.nuget.odata.NugetODataGalleryMigrator - Starting Nuget DB migration to version 7
2019-03-10 11:21:40,282+0000 INFO  [jetty-main-1]  com.sonatype.nexus.plugins.nuget.odata.NugetODataGalleryMigrator - Completed Nuget DB migration to version 7
2019-03-10 11:21:40,289+0000 INFO  [ar-7-thread-1] *TASK org.sonatype.nexus.proxy.storage.remote.httpclient.HttpClientRemoteStorage - Initializing remote transport for proxy repository "Apache Snapshots" [id=apache-snapshots]...
2019-03-10 11:21:40,307+0000 INFO  [jetty-main-1]  com.sonatype.nexus.plugins.nuget.odata.NugetODataGalleryMigrator - Starting Nuget DB migration to version 8
2019-03-10 11:21:40,308+0000 INFO  [jetty-main-1]  com.sonatype.nexus.plugins.nuget.odata.NugetODataGalleryMigrator - Completed Nuget DB migration to version 8
2019-03-10 11:21:40,309+0000 INFO  [jetty-main-1]  com.sonatype.nexus.plugins.nuget.odata.NugetODataGalleryMigrator - Starting Nuget DB migration to version 9
2019-03-10 11:21:40,310+0000 INFO  [jetty-main-1]  com.sonatype.nexus.plugins.nuget.odata.NugetODataGalleryMigrator - Completed Nuget DB migration to version 9
2019-03-10 11:21:40,310+0000 INFO  [jetty-main-1]  com.sonatype.nexus.plugins.nuget.odata.NugetODataGalleryMigrator - Completed Nuget DB migration.
2019-03-10 11:21:40,311+0000 INFO  [jetty-main-1]  org.sonatype.nexus.webapp.WebappBootstrap - Initialized
2019-03-10 11:21:40,385+0000 INFO  [ar-7-thread-3] *TASK org.sonatype.nexus.proxy.storage.remote.httpclient.HttpClientRemoteStorage - Initializing remote transport for proxy repository "Central" [id=central]...
2019-03-10 11:21:40,852+0000 INFO  [jetty-main-1]  org.sonatype.nexus.rest.NexusApplication_UriMatching - Strict URI matching: true
2019-03-10 11:21:41,194+0000 INFO  [jetty-main-1]  org.sonatype.nexus.configuration.ModelUtils - Loading model /home/sahanagangireddy15/Calculator/sonatype-work/nexus/conf/ldap.xml
2019-03-10 11:21:41,271+0000 INFO  [jetty-main-1]  org.sonatype.nexus.configuration.ModelUtils - Loading model /home/sahanagangireddy15/Calculator/sonatype-work/nexus/conf/lvo-plugin.xml
2019-03-10 11:21:41,452+0000 INFO  [ar-7-thread-3] *TASK org.sonatype.nexus.proxy.maven.routing.internal.ManagerImpl - Updated and published prefix file of "Public Repositories" [id=public]
2019-03-10 11:21:41,750+0000 INFO  [jetty-main-1]  org.sonatype.nexus.plugins.siesta.SiestaModule - Resources:
2019-03-10 11:21:41,751+0000 INFO  [jetty-main-1]  org.sonatype.nexus.plugins.siesta.SiestaModule -   /service/siesta/analytics/events
2019-03-10 11:21:41,751+0000 INFO  [jetty-main-1]  org.sonatype.nexus.plugins.siesta.SiestaModule -   /service/siesta/analytics/settings
2019-03-10 11:21:41,751+0000 INFO  [jetty-main-1]  org.sonatype.nexus.plugins.siesta.SiestaModule -   /service/siesta/atlas/security-diagnostic
2019-03-10 11:21:41,751+0000 INFO  [jetty-main-1]  org.sonatype.nexus.plugins.siesta.SiestaModule -   /service/siesta/atlas/support-zip
2019-03-10 11:21:41,751+0000 INFO  [jetty-main-1]  org.sonatype.nexus.plugins.siesta.SiestaModule -   /service/siesta/atlas/system-information
2019-03-10 11:21:41,751+0000 INFO  [jetty-main-1]  org.sonatype.nexus.plugins.siesta.SiestaModule -   /service/siesta/capabilities
2019-03-10 11:21:41,751+0000 INFO  [jetty-main-1]  org.sonatype.nexus.plugins.siesta.SiestaModule -   /service/siesta/capabilities/stores
2019-03-10 11:21:41,751+0000 INFO  [jetty-main-1]  org.sonatype.nexus.plugins.siesta.SiestaModule -   /service/siesta/capabilities/types
2019-03-10 11:21:41,751+0000 INFO  [jetty-main-1]  org.sonatype.nexus.plugins.siesta.SiestaModule -   /service/siesta/clm
2019-03-10 11:21:41,751+0000 INFO  [jetty-main-1]  org.sonatype.nexus.plugins.siesta.SiestaModule -   /service/siesta/clm/applications
2019-03-10 11:21:41,751+0000 INFO  [jetty-main-1]  org.sonatype.nexus.plugins.siesta.SiestaModule -   /service/siesta/clm/firewall
2019-03-10 11:21:41,751+0000 INFO  [jetty-main-1]  org.sonatype.nexus.plugins.siesta.SiestaModule -   /service/siesta/healthcheck/gaDetails
2019-03-10 11:21:41,751+0000 INFO  [jetty-main-1]  org.sonatype.nexus.plugins.siesta.SiestaModule -   /service/siesta/healthcheck/gavDetails
2019-03-10 11:21:41,751+0000 INFO  [jetty-main-1]  org.sonatype.nexus.plugins.siesta.SiestaModule -   /service/siesta/healthcheck/healthCheckEula
2019-03-10 11:21:41,751+0000 INFO  [jetty-main-1]  org.sonatype.nexus.plugins.siesta.SiestaModule -   /service/siesta/healthcheck/healthCheckInfo
2019-03-10 11:21:41,751+0000 INFO  [jetty-main-1]  org.sonatype.nexus.plugins.siesta.SiestaModule -   /service/siesta/healthcheck/healthCheckStatus
2019-03-10 11:21:41,751+0000 INFO  [jetty-main-1]  org.sonatype.nexus.plugins.siesta.SiestaModule -   /service/siesta/healthcheck/healthCheckSummary/{repositoryId}/{path:.*}
2019-03-10 11:21:41,751+0000 INFO  [jetty-main-1]  org.sonatype.nexus.plugins.siesta.SiestaModule -   /service/siesta/logging/log
2019-03-10 11:21:41,751+0000 INFO  [jetty-main-1]  org.sonatype.nexus.plugins.siesta.SiestaModule -   /service/siesta/logging/loggers
2019-03-10 11:21:41,751+0000 INFO  [jetty-main-1]  org.sonatype.nexus.plugins.siesta.SiestaModule -   /service/siesta/migrationagent/configuration
2019-03-10 11:21:41,751+0000 INFO  [jetty-main-1]  org.sonatype.nexus.plugins.siesta.SiestaModule -   /service/siesta/migrationagent/repository
2019-03-10 11:21:41,751+0000 INFO  [jetty-main-1]  org.sonatype.nexus.plugins.siesta.SiestaModule -   /service/siesta/migrationagent/repository-changelog
2019-03-10 11:21:41,751+0000 INFO  [jetty-main-1]  org.sonatype.nexus.plugins.siesta.SiestaModule -   /service/siesta/migrationagent/repository-content
2019-03-10 11:21:41,751+0000 INFO  [jetty-main-1]  org.sonatype.nexus.plugins.siesta.SiestaModule -   /service/siesta/migrationagent/repository-migration
2019-03-10 11:21:41,751+0000 INFO  [jetty-main-1]  org.sonatype.nexus.plugins.siesta.SiestaModule -   /service/siesta/migrationagent/status
2019-03-10 11:21:41,751+0000 INFO  [jetty-main-1]  org.sonatype.nexus.plugins.siesta.SiestaModule -   /service/siesta/wonderland/authenticate
2019-03-10 11:21:41,751+0000 INFO  [jetty-main-1]  org.sonatype.nexus.plugins.siesta.SiestaModule -   /service/siesta/wonderland/download
2019-03-10 11:21:41,751+0000 INFO  [jetty-main-1]  org.sonatype.nexus.plugins.siesta.SiestaModule -   /service/siesta/wonderland/settings
2019-03-10 11:21:41,752+0000 INFO  [jetty-main-1]  org.sonatype.nexus.plugins.siesta.SiestaModule - Components:
2019-03-10 11:21:41,752+0000 INFO  [jetty-main-1]  org.sonatype.nexus.plugins.siesta.SiestaModule -   org.sonatype.nexus.plugins.capabilities.internal.rest.CapabilityNotFoundExceptionMapper
2019-03-10 11:21:41,752+0000 INFO  [jetty-main-1]  org.sonatype.nexus.plugins.siesta.SiestaModule -   org.sonatype.nexus.plugins.siesta.AuthorizationExceptionMapper
2019-03-10 11:21:41,752+0000 INFO  [jetty-main-1]  org.sonatype.nexus.plugins.siesta.SiestaModule -   org.sonatype.nexus.plugins.siesta.ErrorStatusRuntimeExceptionMapper
2019-03-10 11:21:41,752+0000 INFO  [jetty-main-1]  org.sonatype.nexus.plugins.siesta.SiestaModule -   org.sonatype.nexus.plugins.siesta.InvalidConfigurationExceptionMapper
2019-03-10 11:21:41,752+0000 INFO  [jetty-main-1]  org.sonatype.nexus.plugins.siesta.SiestaModule -   org.sonatype.nexus.plugins.siesta.NoSuchRepositoryExceptionMapper
2019-03-10 11:21:41,752+0000 INFO  [jetty-main-1]  org.sonatype.nexus.plugins.siesta.SiestaModule -   org.sonatype.sisu.siesta.jackson.JacksonProvider
2019-03-10 11:21:41,752+0000 INFO  [jetty-main-1]  org.sonatype.nexus.plugins.siesta.SiestaModule -   org.sonatype.sisu.siesta.server.internal.mappers.BadRequestExceptionMapper
2019-03-10 11:21:41,752+0000 INFO  [jetty-main-1]  org.sonatype.nexus.plugins.siesta.SiestaModule -   org.sonatype.sisu.siesta.server.internal.mappers.ConstraintViolationExceptionMapper
2019-03-10 11:21:41,752+0000 INFO  [jetty-main-1]  org.sonatype.nexus.plugins.siesta.SiestaModule -   org.sonatype.sisu.siesta.server.internal.mappers.InvalidObjectExceptionMapper
2019-03-10 11:21:41,752+0000 INFO  [jetty-main-1]  org.sonatype.nexus.plugins.siesta.SiestaModule -   org.sonatype.sisu.siesta.server.internal.mappers.ObjectNotFoundExceptionMapper
2019-03-10 11:21:41,752+0000 INFO  [jetty-main-1]  org.sonatype.nexus.plugins.siesta.SiestaModule -   org.sonatype.sisu.siesta.server.internal.mappers.ThrowableExceptionMapper
2019-03-10 11:21:41,752+0000 INFO  [jetty-main-1]  org.sonatype.nexus.plugins.siesta.SiestaModule -   org.sonatype.sisu.siesta.server.internal.mappers.ValidationErrorsExceptionMapper
2019-03-10 11:21:41,752+0000 INFO  [jetty-main-1]  org.sonatype.nexus.plugins.siesta.SiestaModule -   org.sonatype.sisu.siesta.server.internal.mappers.WebApplicationExceptionMapper
2019-03-10 11:21:41,752+0000 INFO  [jetty-main-1]  org.sonatype.nexus.plugins.siesta.SiestaModule -   org.sonatype.sisu.siesta.server.internal.mappers.WebApplicationMessageExceptionMapper
2019-03-10 11:21:43,043+0000 INFO  [jetty-main-1]  org.sonatype.nexus.webresources.internal.WebResourceServiceImpl - Discovered 1978 resources
2019-03-10 11:21:43,057+0000 INFO  [jetty-main-1]  org.sonatype.nexus.webresources.internal.WebResourceServlet - Max-age: 30 days (2592000 seconds)
2019-03-10 11:21:43,194+0000 INFO  [jetty-main-1]  org.sonatype.nexus.bootstrap.jetty.InstrumentedSelectChannelConnector - Metrics enabled
2019-03-10 11:21:43,222+0000 INFO  [jetty-main-1]  org.eclipse.jetty.server.AbstractConnector - Started InstrumentedSelectChannelConnector@0.0.0.0:8081
2019-03-10 11:21:43,222+0000 INFO  [jetty-main-1]  org.sonatype.nexus.bootstrap.jetty.JettyServer - Running
2019-03-10 11:21:43,222+0000 INFO  [WrapperListener_start_runner]  org.sonatype.nexus.bootstrap.jetty.JettyServer - Started
2019-03-10 11:24:30,024+0000 INFO  [qtp1140119612-56]  org.apache.shiro.nexus5727.FixedDefaultWebSessionManager - Global session timeout: 1800000 ms
2019-03-10 11:24:30,025+0000 INFO  [qtp1140119612-56]  org.apache.shiro.session.mgt.AbstractValidatingSessionManager - Enabling session validation scheduler...
2019-03-10 11:24:30,142+0000 INFO  [qtp1140119612-56] *UNKNOWN org.sonatype.nexus.velocity.VelocityEngineProvider - Creating Nexus VelocityEngine
2019-03-10 11:24:42,219+0000 WARN  [qtp1140119612-55] *UNKNOWN org.sonatype.security.model.source.FileModelConfigurationSource - No configuration file in place, copying the default one and continuing with it.
2019-03-10 11:24:42,221+0000 INFO  [qtp1140119612-55] *UNKNOWN org.sonatype.security.model.source.FileModelConfigurationSource - Loading security configuration from: /home/sahanagangireddy15/Calculator/nexus-2.14.11-01/../sonatype-work/nexus/conf/security.xml
2019-03-10 11:24:42,233+0000 INFO  [qtp1140119612-54] *UNKNOWN /nexus - nexus: [Noelios Restlet Engine] - Attaching application: org.sonatype.nexus.rest.NexusApplication@7cbe73b1 to URI: /nexus/service/local
2019-03-10 11:25:43,465+0000 INFO  [qtp1140119612-55] *UNKNOWN org.apache.shiro.cache.ehcache.EhCacheManager - Using existing EHCache named [shiro-activeSessionCache]
2019-03-10 11:25:50,553+0000 INFO  [qtp1140119612-54] admin java.util.prefs - Created user preferences directory.
2019-03-10 11:26:56,244+0000 INFO  [qtp1140119612-53] admin org.sonatype.nexus.proxy.maven.routing.internal.ManagerImpl - Initializing non-existing prefix file of newly added "Calculator_1" [id=Calculator.1]
2019-03-10 11:26:56,319+0000 INFO  [ar-7-thread-2] admin org.sonatype.nexus.proxy.maven.routing.internal.ManagerImpl - Updated and published prefix file of "Calculator_1" [id=Calculator.1]
2019-03-10 11:26:56,373+0000 INFO  [qtp1140119612-53] admin org.sonatype.nexus.proxy.registry.DefaultRepositoryRegistry - Added repository "Calculator_1" [id=Calculator.1][contentClass=Maven2][mainFacet=org.sonatype.nexus.proxy.maven.MavenHostedRepository]
2019-03-10 11:26:56,402+0000 INFO  [qtp1140119612-53] admin org.sonatype.nexus.configuration.application.DefaultNexusConfiguration - Applying Nexus Configuration made by admin...
2019-03-10 11:26:56,458+0000 INFO  [qtp1140119612-53] admin org.sonatype.nexus.configuration.application.DefaultNexusConfiguration - Applying Nexus Configuration made by admin...
2019-03-10 11:26:56,903+0000 INFO  [pxpool-1-thread-1] admin org.sonatype.nexus.index.tasks.UpdateIndexTask - Scheduled task (UpdateIndexTask) started :: Updating repository index "Calculator_1" from path null and below.
2019-03-10 11:26:56,943+0000 INFO  [pxpool-1-thread-1] admin org.sonatype.nexus.index.NexusScanningListener - Scanning of repositoryID="Calculator.1" started.
2019-03-10 11:26:57,076+0000 INFO  [pxpool-1-thread-1] admin org.sonatype.nexus.index.NexusScanningListener - Scanning of repositoryID="Calculator.1" finished: scanned=0, added=0, updated=0, removed=0, scanningDuration=0:00:00.131
2019-03-10 11:26:57,085+0000 INFO  [pxpool-1-thread-1] admin org.sonatype.nexus.index.DefaultIndexerManager - Publishing index for repository Calculator.1
2019-03-10 11:26:57,139+0000 INFO  [pxpool-1-thread-1] admin org.sonatype.nexus.index.tasks.UpdateIndexTask - Scheduled task (UpdateIndexTask) finished :: Updating repository index "Calculator_1" from path null and below. (started 2019-03-10T11:26:56+00:00, runtime 0:00:00.236)
2019-03-10 11:26:57,161+0000 INFO  [pxpool-1-thread-1] admin org.sonatype.nexus.configuration.application.DefaultNexusConfiguration - Applying Nexus Configuration due to changes in [Scheduled Tasks] made by *TASK...
2019-03-10 11:27:55,931+0000 INFO  [qtp1140119612-56] admin org.sonatype.nexus.proxy.maven.routing.internal.ManagerImpl - Initializing non-existing prefix file of newly added "Calculator" [id=Calculator.0]
2019-03-10 11:27:55,971+0000 INFO  [ar-7-thread-5] admin org.sonatype.nexus.proxy.maven.routing.internal.ManagerImpl - Updated and published prefix file of "Calculator" [id=Calculator.0]
2019-03-10 11:27:56,018+0000 INFO  [qtp1140119612-56] admin org.sonatype.nexus.proxy.registry.DefaultRepositoryRegistry - Added repository "Calculator" [id=Calculator.0][contentClass=Maven2][mainFacet=org.sonatype.nexus.proxy.maven.MavenHostedRepository]
2019-03-10 11:27:56,018+0000 INFO  [qtp1140119612-56] admin org.sonatype.nexus.configuration.application.DefaultNexusConfiguration - Applying Nexus Configuration made by admin...
2019-03-10 11:27:56,027+0000 INFO  [qtp1140119612-56] admin org.sonatype.nexus.configuration.application.DefaultNexusConfiguration - Applying Nexus Configuration made by admin...
2019-03-10 11:27:56,533+0000 INFO  [pxpool-1-thread-1] admin org.sonatype.nexus.index.tasks.UpdateIndexTask - Scheduled task (UpdateIndexTask) started :: Updating repository index "Calculator" from path null and below.
2019-03-10 11:27:56,559+0000 INFO  [pxpool-1-thread-1] admin org.sonatype.nexus.index.NexusScanningListener - Scanning of repositoryID="Calculator.0" started.
2019-03-10 11:27:56,589+0000 INFO  [pxpool-1-thread-1] admin org.sonatype.nexus.index.NexusScanningListener - Scanning of repositoryID="Calculator.0" finished: scanned=0, added=0, updated=0, removed=0, scanningDuration=0:00:00.030
2019-03-10 11:27:56,590+0000 INFO  [pxpool-1-thread-1] admin org.sonatype.nexus.index.DefaultIndexerManager - Publishing index for repository Calculator.0
2019-03-10 11:27:56,613+0000 INFO  [pxpool-1-thread-1] admin org.sonatype.nexus.index.tasks.UpdateIndexTask - Scheduled task (UpdateIndexTask) finished :: Updating repository index "Calculator" from path null and below. (started 2019-03-10T11:27:56+00:00, runtime 0:00:00.080)
2019-03-10 11:27:56,635+0000 INFO  [pxpool-1-thread-1] admin org.sonatype.nexus.configuration.application.DefaultNexusConfiguration - Applying Nexus Configuration due to changes in [Scheduled Tasks] made by *TASK...
2019-03-10 11:55:50,909+0000 INFO  [qtp1140119612-57] admin org.sonatype.nexus.proxy.maven.maven2.M2Repository - Storing of item Calculator.0:/com/ravi/cal/RaviCalculator/1.0.1-SNAPSHOT/RaviCalculator-1.0.1-20190310.115550-1.jar is forbidden by Maven Repository policy. Because Calculator.0 is a RELEASE repository
2019-03-10 11:55:50,956+0000 INFO  [qtp1140119612-55] admin org.sonatype.nexus.proxy.maven.maven2.M2Repository - Storing of item Calculator.0:/com/ravi/cal/RaviCalculator/1.0.1-SNAPSHOT/RaviCalculator-1.0.1-20190310.115550-1.pom is forbidden by Maven Repository policy. Because Calculator.0 is a RELEASE repository
2019-03-10 11:58:16,396+0000 WARN  [qtp1140119612-57]  org.sonatype.nexus.web.internal.ErrorPageFilter - Unexpected exception
javax.servlet.ServletException: Filtered request failed.
	at org.apache.shiro.web.servlet.AbstractShiroFilter.doFilterInternal(AbstractShiroFilter.java:384)
	at org.apache.shiro.web.servlet.OncePerRequestFilter.doFilter(OncePerRequestFilter.java:125)
	at com.google.inject.servlet.AbstractFilterPipeline.dispatch(AbstractFilterPipeline.java:100)
	at org.sonatype.nexus.web.internal.NexusGuiceFilter$MultiFilterChain.doFilter(NexusGuiceFilter.java:82)
	at com.yammer.metrics.web.WebappMetricsFilter.doFilter(WebappMetricsFilter.java:76)
	at org.sonatype.nexus.web.internal.CommonHeadersFilter.doFilter(CommonHeadersFilter.java:69)
	at org.sonatype.nexus.web.internal.ErrorPageFilter.doFilter(ErrorPageFilter.java:71)
	at org.sonatype.nexus.web.internal.BaseUrlHolderFilter.doFilter(BaseUrlHolderFilter.java:66)
	at org.sonatype.nexus.web.internal.HeaderPatternFilter.doFilter(HeaderPatternFilter.java:96)
	at com.google.inject.servlet.AbstractFilterPipeline.dispatch(AbstractFilterPipeline.java:100)
	at org.sonatype.nexus.web.internal.NexusGuiceFilter$MultiFilterChain.doFilter(NexusGuiceFilter.java:82)
	at org.sonatype.nexus.web.internal.NexusGuiceFilter$MultiFilterPipeline.dispatch(NexusGuiceFilter.java:56)
	at com.google.inject.servlet.GuiceFilter$1.call(GuiceFilter.java:133)
	at com.google.inject.servlet.GuiceFilter$1.call(GuiceFilter.java:130)
	at com.google.inject.servlet.GuiceFilter$Context.call(GuiceFilter.java:203)
	at com.google.inject.servlet.GuiceFilter.doFilter(GuiceFilter.java:130)
	at org.eclipse.jetty.servlet.ServletHandler$CachedChain.doFilter(ServletHandler.java:1476)
	at org.eclipse.jetty.servlet.ServletHandler.doHandle(ServletHandler.java:501)
	at org.eclipse.jetty.server.handler.ScopedHandler.handle(ScopedHandler.java:137)
	at org.eclipse.jetty.security.SecurityHandler.handle(SecurityHandler.java:557)
	at org.eclipse.jetty.server.session.SessionHandler.doHandle(SessionHandler.java:231)
	at org.eclipse.jetty.server.handler.ContextHandler.doHandle(ContextHandler.java:1086)
	at org.eclipse.jetty.servlet.ServletHandler.doScope(ServletHandler.java:429)
	at org.eclipse.jetty.server.session.SessionHandler.doScope(SessionHandler.java:193)
	at org.eclipse.jetty.server.handler.ContextHandler.doScope(ContextHandler.java:1020)
	at org.eclipse.jetty.server.handler.ScopedHandler.handle(ScopedHandler.java:135)
	at org.eclipse.jetty.server.handler.HandlerWrapper.handle(HandlerWrapper.java:116)
	at com.yammer.metrics.jetty.InstrumentedHandler.handle(InstrumentedHandler.java:200)
	at org.eclipse.jetty.server.handler.HandlerCollection.handle(HandlerCollection.java:154)
	at org.eclipse.jetty.server.handler.HandlerWrapper.handle(HandlerWrapper.java:116)
	at org.eclipse.jetty.server.Server.handle(Server.java:370)
	at org.eclipse.jetty.server.AbstractHttpConnection.handleRequest(AbstractHttpConnection.java:494)
	at org.eclipse.jetty.server.AbstractHttpConnection.headerComplete(AbstractHttpConnection.java:971)
	at org.eclipse.jetty.server.AbstractHttpConnection$RequestHandler.headerComplete(AbstractHttpConnection.java:1033)
	at org.eclipse.jetty.http.HttpParser.parseNext(HttpParser.java:644)
	at org.eclipse.jetty.http.HttpParser.parseAvailable(HttpParser.java:235)
	at org.eclipse.jetty.server.AsyncHttpConnection.handle(AsyncHttpConnection.java:82)
	at org.eclipse.jetty.io.nio.SelectChannelEndPoint.handle(SelectChannelEndPoint.java:696)
	at org.eclipse.jetty.io.nio.SelectChannelEndPoint$1.run(SelectChannelEndPoint.java:53)
	at org.eclipse.jetty.util.thread.QueuedThreadPool.runJob(QueuedThreadPool.java:608)
	at org.eclipse.jetty.util.thread.QueuedThreadPool$3.run(QueuedThreadPool.java:543)
	at java.lang.Thread.run(Thread.java:748)
Caused by: java.lang.IllegalStateException: Stream handler unavailable due to: null
	at org.apache.felix.framework.URLHandlersStreamHandlerProxy.openConnection(URLHandlersStreamHandlerProxy.java:311)
	at java.net.URL.openConnection(URL.java:979)
	at java.net.URL.openStream(URL.java:1045)
	at org.sonatype.nexus.guice.StaticWebResource.getInputStream(StaticWebResource.java:104)
	at org.sonatype.nexus.webresources.internal.WebResourceServlet.serveResource(WebResourceServlet.java:135)
	at org.sonatype.nexus.webresources.internal.WebResourceServlet.doGet(WebResourceServlet.java:86)
	at javax.servlet.http.HttpServlet.service(HttpServlet.java:735)
	at javax.servlet.http.HttpServlet.service(HttpServlet.java:848)
	at com.google.inject.servlet.ServletDefinition.doServiceImpl(ServletDefinition.java:297)
	at com.google.inject.servlet.ServletDefinition.doService(ServletDefinition.java:281)
	at com.google.inject.servlet.ServletDefinition.service(ServletDefinition.java:186)
	at com.google.inject.servlet.AbstractServletPipeline.service(AbstractServletPipeline.java:65)
	at com.google.inject.servlet.AbstractFilterPipeline.dispatch(AbstractFilterPipeline.java:100)
	at org.sonatype.nexus.web.internal.NexusGuiceFilter$MultiFilterChain.doFilter(NexusGuiceFilter.java:82)
	at com.google.inject.servlet.AbstractFilterPipeline.dispatch(AbstractFilterPipeline.java:100)
	at org.sonatype.nexus.web.internal.NexusGuiceFilter$MultiFilterChain.doFilter(NexusGuiceFilter.java:82)
	at com.google.inject.servlet.AbstractFilterPipeline.dispatch(AbstractFilterPipeline.java:100)
	at org.sonatype.nexus.web.internal.NexusGuiceFilter$MultiFilterChain.doFilter(NexusGuiceFilter.java:82)
	at com.google.inject.servlet.AbstractFilterPipeline.dispatch(AbstractFilterPipeline.java:100)
	at org.sonatype.nexus.web.internal.NexusGuiceFilter$MultiFilterChain.doFilter(NexusGuiceFilter.java:82)
	at org.apache.shiro.web.servlet.AbstractShiroFilter.executeChain(AbstractShiroFilter.java:449)
	at org.sonatype.nexus.web.internal.SecurityFilter.executeChain(SecurityFilter.java:90)
	at org.apache.shiro.web.servlet.AbstractShiroFilter$1.call(AbstractShiroFilter.java:365)
	at org.apache.shiro.subject.support.SubjectCallable.doCall(SubjectCallable.java:90)
	at org.apache.shiro.subject.support.SubjectCallable.call(SubjectCallable.java:83)
	at org.apache.shiro.subject.support.DelegatingSubject.execute(DelegatingSubject.java:383)
	at org.apache.shiro.web.servlet.AbstractShiroFilter.doFilterInternal(AbstractShiroFilter.java:362)
	... 41 common frames omitted
